Flow report for myFifthProject
Sat Apr 17 23:13:50 2021
Quartus II 64-Bit Version 13.0.1 Build 232 06/12/2013 Service Pack 1 SJ Web Edition


---------------------
; Table of Contents ;
---------------------
  1. Legal Notice
  2. Flow Summary
  3. Flow Settings
  4. Flow Non-Default Global Settings
  5. Flow Elapsed Time
  6. Flow OS Summary
  7. Flow Log
  8. Flow Messages
  9. Flow Suppressed Messages



----------------
; Legal Notice ;
----------------
Copyright (C) 1991-2013 Altera Corporation
Your use of Altera Corporation's design tools, logic functions 
and other software and tools, and its AMPP partner logic 
functions, and any output files from any of the foregoing 
(including device programming or simulation files), and any 
associated documentation or information are expressly subject 
to the terms and conditions of the Altera Program License 
Subscription Agreement, Altera MegaCore Function License 
Agreement, or other applicable license agreement, including, 
without limitation, that your use is for the sole purpose of 
programming logic devices manufactured by Altera and sold by 
Altera or its authorized distributors.  Please refer to the 
applicable agreement for further details.



+--------------------------------------------------------------------------------------+
; Flow Summary                                                                         ;
+------------------------------------+-------------------------------------------------+
; Flow Status                        ; Successful - Sat Apr 17 23:13:50 2021           ;
; Quartus II 64-Bit Version          ; 13.0.1 Build 232 06/12/2013 SP 1 SJ Web Edition ;
; Revision Name                      ; myFifthProject                                  ;
; Top-level Entity Name              ; full_adder_8                                    ;
; Family                             ; Cyclone II                                      ;
; Device                             ; EP2C35F672C6                                    ;
; Timing Models                      ; Final                                           ;
; Total logic elements               ; 17 / 33,216 ( < 1 % )                           ;
;     Total combinational functions  ; 17 / 33,216 ( < 1 % )                           ;
;     Dedicated logic registers      ; 0 / 33,216 ( 0 % )                              ;
; Total registers                    ; 0                                               ;
; Total pins                         ; 26 / 475 ( 5 % )                                ;
; Total virtual pins                 ; 0                                               ;
; Total memory bits                  ; 0 / 483,840 ( 0 % )                             ;
; Embedded Multiplier 9-bit elements ; 0 / 70 ( 0 % )                                  ;
; Total PLLs                         ; 0 / 4 ( 0 % )                                   ;
+------------------------------------+-------------------------------------------------+


+-----------------------------------------+
; Flow Settings                           ;
+-------------------+---------------------+
; Option            ; Setting             ;
+-------------------+---------------------+
; Start date & time ; 04/17/2021 23:11:15 ;
; Main task         ; Compilation         ;
; Revision Name     ; myFifthProject      ;
+-------------------+---------------------+


+----------------------------------------------------------------------------------------------------------------------------------+
; Flow Non-Default Global Settings                                                                                                 ;
+--------------------------------------+-----------------------------------------+----------------+--------------+-----------------+
; Assignment Name                      ; Value                                   ; Default Value  ; Entity Name  ; Section Id      ;
+--------------------------------------+-----------------------------------------+----------------+--------------+-----------------+
; COMPILER_SIGNATURE_ID                ; 8796761434824.161869027504976           ; --             ; --           ; --              ;
; EDA_DESIGN_INSTANCE_NAME             ; DUT                                     ; --             ; --           ; full_adder_8_tb ;
; EDA_GENERATE_FUNCTIONAL_NETLIST      ; On                                      ; --             ; --           ; eda_simulation  ;
; EDA_NATIVELINK_SIMULATION_TEST_BENCH ; full_adder_8_tb                         ; --             ; --           ; eda_simulation  ;
; EDA_OUTPUT_DATA_FORMAT               ; Verilog Hdl                             ; --             ; --           ; eda_simulation  ;
; EDA_SIMULATION_TOOL                  ; ModelSim-Altera (Verilog)               ; <None>         ; --           ; --              ;
; EDA_TEST_BENCH_ENABLE_STATUS         ; TEST_BENCH_MODE                         ; --             ; --           ; eda_simulation  ;
; EDA_TEST_BENCH_FILE                  ; simulation/modelsim/full_adder_8_tb.vhd ; --             ; --           ; full_adder_8_tb ;
; EDA_TEST_BENCH_MODULE_NAME           ; full_adder_8                            ; --             ; --           ; full_adder_8_tb ;
; EDA_TEST_BENCH_NAME                  ; full_adder_8_tb                         ; --             ; --           ; eda_simulation  ;
; EDA_TIME_SCALE                       ; 1 ps                                    ; --             ; --           ; eda_simulation  ;
; MAX_CORE_JUNCTION_TEMP               ; 85                                      ; --             ; --           ; --              ;
; MIN_CORE_JUNCTION_TEMP               ; 0                                       ; --             ; --           ; --              ;
; PARTITION_COLOR                      ; 16764057                                ; --             ; full_adder_8 ; Top             ;
; PARTITION_FITTER_PRESERVATION_LEVEL  ; PLACEMENT_AND_ROUTING                   ; --             ; full_adder_8 ; Top             ;
; PARTITION_NETLIST_TYPE               ; SOURCE                                  ; --             ; full_adder_8 ; Top             ;
; POWER_BOARD_THERMAL_MODEL            ; None (CONSERVATIVE)                     ; --             ; --           ; --              ;
; POWER_PRESET_COOLING_SOLUTION        ; 23 MM HEAT SINK WITH 200 LFPM AIRFLOW   ; --             ; --           ; --              ;
; PROJECT_OUTPUT_DIRECTORY             ; output_files                            ; --             ; --           ; --              ;
; TOP_LEVEL_ENTITY                     ; full_adder_8                            ; myFifthProject ; --           ; --              ;
; VHDL_INPUT_VERSION                   ; VHDL_2008                               ; VHDL_1993      ; --           ; --              ;
; VHDL_SHOW_LMF_MAPPING_MESSAGES       ; Off                                     ; --             ; --           ; --              ;
+--------------------------------------+-----------------------------------------+----------------+--------------+-----------------+


+-------------------------------------------------------------------------------------------------------------------------------+
; Flow Elapsed Time                                                                                                             ;
+---------------------------+--------------+-------------------------+---------------------+------------------------------------+
; Module Name               ; Elapsed Time ; Average Processors Used ; Peak Virtual Memory ; Total CPU Time (on all processors) ;
+---------------------------+--------------+-------------------------+---------------------+------------------------------------+
; Analysis & Synthesis      ; 00:00:02     ; 1.0                     ; 491 MB              ; 00:00:01                           ;
; Fitter                    ; 00:00:05     ; 1.0                     ; 659 MB              ; 00:00:05                           ;
; Assembler                 ; 00:00:02     ; 1.0                     ; 420 MB              ; 00:00:02                           ;
; TimeQuest Timing Analyzer ; 00:00:00     ; 1.0                     ; 389 MB              ; 00:00:01                           ;
; EDA Netlist Writer        ; 00:00:01     ; 1.0                     ; 372 MB              ; 00:00:00                           ;
; EDA Netlist Writer        ; 00:00:00     ; 1.0                     ; 380 MB              ; 00:00:00                           ;
; EDA Netlist Writer        ; 00:00:00     ; 1.0                     ; 380 MB              ; 00:00:00                           ;
; EDA Netlist Writer        ; 00:00:00     ; 1.0                     ; 380 MB              ; 00:00:01                           ;
; EDA Netlist Writer        ; 00:00:00     ; 1.0                     ; 380 MB              ; 00:00:01                           ;
; Total                     ; 00:00:10     ; --                      ; --                  ; 00:00:11                           ;
+---------------------------+--------------+-------------------------+---------------------+------------------------------------+


+----------------------------------------------------------------------------------------+
; Flow OS Summary                                                                        ;
+---------------------------+------------------+-----------+------------+----------------+
; Module Name               ; Machine Hostname ; OS Name   ; OS Version ; Processor type ;
+---------------------------+------------------+-----------+------------+----------------+
; Analysis & Synthesis      ; johnprif-PC      ; Windows 7 ; 6.1        ; x86_64         ;
; Fitter                    ; johnprif-PC      ; Windows 7 ; 6.1        ; x86_64         ;
; Assembler                 ; johnprif-PC      ; Windows 7 ; 6.1        ; x86_64         ;
; TimeQuest Timing Analyzer ; johnprif-PC      ; Windows 7 ; 6.1        ; x86_64         ;
; EDA Netlist Writer        ; johnprif-PC      ; Windows 7 ; 6.1        ; x86_64         ;
; EDA Netlist Writer        ; johnprif-PC      ; Windows 7 ; 6.1        ; x86_64         ;
; EDA Netlist Writer        ; johnprif-PC      ; Windows 7 ; 6.1        ; x86_64         ;
; EDA Netlist Writer        ; johnprif-PC      ; Windows 7 ; 6.1        ; x86_64         ;
; EDA Netlist Writer        ; johnprif-PC      ; Windows 7 ; 6.1        ; x86_64         ;
+---------------------------+------------------+-----------+------------+----------------+


------------
; Flow Log ;
------------
quartus_map --read_settings_files=on --write_settings_files=off myFifthProject -c myFifthProject
quartus_fit --read_settings_files=off --write_settings_files=off myFifthProject -c myFifthProject
quartus_asm --read_settings_files=off --write_settings_files=off myFifthProject -c myFifthProject
quartus_sta myFifthProject -c myFifthProject
quartus_eda --read_settings_files=off --write_settings_files=off myFifthProject -c myFifthProject
quartus_eda --gen_testbench --check_outputs=on --tool=modelsim_oem --format=verilog myFifthProject -c myFifthProject --vector_source=C:/altera/13.0sp1/lab_5/full_adder_8_vwf.vwf --testbench_file=./simulation/qsim/myFifthProject.vt
quartus_eda --functional=on --simulation=on --tool=modelsim_oem --format=verilog myFifthProject -c myFifthProject
quartus_eda --gen_testbench --check_outputs=on --tool=modelsim_oem --format=verilog myFifthProject -c myFifthProject --vector_source=C:/altera/13.0sp1/lab_5/full_adder_8_vwf.vwf --testbench_file=./simulation/qsim/myFifthProject.vt
quartus_eda --functional=on --simulation=on --tool=modelsim_oem --format=verilog myFifthProject -c myFifthProject



